2026-04-23 07:59:11,223 INFO ============================================================
2026-04-23 07:59:11,223 INFO Dukascopy GBPUSD pull: 2020-01-01 to 2026-04-22
2026-04-23 07:59:11,223 INFO Divisor=100000.0 Sanity=[1.0, 1.7]
2026-04-23 07:59:11,223 INFO ============================================================
2026-04-23 07:59:11,223 INFO Months: 76
2026-04-23 07:59:11,224 INFO   Downloading GBPUSD 2020-01 (31 days)
2026-04-23 08:01:01,105 INFO   Saved gbpusd_ticks_2020-01.parquet: 2,132,148 rows, 15.7 MB
2026-04-23 08:01:01,124 INFO [1/76] GBPUSD 2020-01: 2,132,148 rows
2026-04-23 08:01:01,125 INFO   Downloading GBPUSD 2020-02 (29 days)
2026-04-23 08:02:37,087 INFO   Saved gbpusd_ticks_2020-02.parquet: 2,219,194 rows, 16.1 MB
2026-04-23 08:02:37,103 INFO [2/76] GBPUSD 2020-02: 2,219,194 rows
2026-04-23 08:02:37,103 INFO   Downloading GBPUSD 2020-03 (31 days)
2026-04-23 08:04:26,955 INFO   Saved gbpusd_ticks_2020-03.parquet: 5,195,239 rows, 39.4 MB
2026-04-23 08:04:26,995 INFO [3/76] GBPUSD 2020-03: 5,195,239 rows
2026-04-23 08:04:26,995 INFO   Downloading GBPUSD 2020-04 (30 days)
2026-04-23 08:06:12,548 INFO   Saved gbpusd_ticks_2020-04.parquet: 2,412,007 rows, 18.1 MB
2026-04-23 08:06:12,570 INFO [4/76] GBPUSD 2020-04: 2,412,007 rows
2026-04-23 08:06:12,571 INFO   Downloading GBPUSD 2020-05 (31 days)
2026-04-23 08:07:52,789 INFO   Saved gbpusd_ticks_2020-05.parquet: 2,229,278 rows, 16.7 MB
2026-04-23 08:07:52,805 INFO [5/76] GBPUSD 2020-05: 2,229,278 rows
2026-04-23 08:07:52,806 INFO   Downloading GBPUSD 2020-06 (30 days)
2026-04-23 08:09:39,168 INFO   Saved gbpusd_ticks_2020-06.parquet: 3,021,323 rows, 22.4 MB
2026-04-23 08:09:39,197 INFO [6/76] GBPUSD 2020-06: 3,021,323 rows
2026-04-23 08:09:39,197 INFO   Downloading GBPUSD 2020-07 (31 days)
2026-04-23 08:11:28,881 INFO   Saved gbpusd_ticks_2020-07.parquet: 2,268,094 rows, 17.1 MB
2026-04-23 08:11:28,910 INFO [7/76] GBPUSD 2020-07: 2,268,094 rows
2026-04-23 08:11:28,911 INFO   Downloading GBPUSD 2020-08 (31 days)
2026-04-23 08:14:12,418 INFO   Saved gbpusd_ticks_2020-08.parquet: 2,159,731 rows, 16.4 MB
2026-04-23 08:14:12,442 INFO [8/76] GBPUSD 2020-08: 2,159,731 rows
2026-04-23 08:14:12,442 INFO   Downloading GBPUSD 2020-09 (30 days)
2026-04-23 08:15:58,116 INFO   Saved gbpusd_ticks_2020-09.parquet: 2,612,732 rows, 19.9 MB
2026-04-23 08:15:58,151 INFO [9/76] GBPUSD 2020-09: 2,612,732 rows
2026-04-23 08:15:58,152 INFO   Downloading GBPUSD 2020-10 (31 days)
2026-04-23 08:17:43,400 INFO   Saved gbpusd_ticks_2020-10.parquet: 2,604,485 rows, 19.7 MB
2026-04-23 08:17:43,415 INFO [10/76] GBPUSD 2020-10: 2,604,485 rows
2026-04-23 08:17:43,415 INFO   Downloading GBPUSD 2020-11 (30 days)
2026-04-23 08:19:24,781 INFO   Saved gbpusd_ticks_2020-11.parquet: 2,657,781 rows, 20.2 MB
2026-04-23 08:19:24,806 INFO [11/76] GBPUSD 2020-11: 2,657,781 rows
2026-04-23 08:19:24,807 INFO   Downloading GBPUSD 2020-12 (31 days)
2026-04-23 08:21:15,291 INFO   Saved gbpusd_ticks_2020-12.parquet: 2,463,107 rows, 18.9 MB
2026-04-23 08:21:15,311 INFO [12/76] GBPUSD 2020-12: 2,463,107 rows
2026-04-23 08:21:15,311 INFO   Downloading GBPUSD 2021-01 (31 days)
2026-04-23 08:22:55,589 INFO   Saved gbpusd_ticks_2021-01.parquet: 2,220,443 rows, 16.9 MB
2026-04-23 08:22:55,601 INFO [13/76] GBPUSD 2021-01: 2,220,443 rows
2026-04-23 08:22:55,602 INFO   Downloading GBPUSD 2021-02 (28 days)
2026-04-23 08:24:30,869 INFO   Saved gbpusd_ticks_2021-02.parquet: 1,645,800 rows, 12.6 MB
2026-04-23 08:24:30,881 INFO [14/76] GBPUSD 2021-02: 1,645,800 rows
2026-04-23 08:24:30,882 INFO   Downloading GBPUSD 2021-03 (31 days)
2026-04-23 08:26:20,657 INFO   Saved gbpusd_ticks_2021-03.parquet: 1,997,502 rows, 15.2 MB
2026-04-23 08:26:20,679 INFO [15/76] GBPUSD 2021-03: 1,997,502 rows
2026-04-23 08:26:20,679 INFO   Downloading GBPUSD 2021-04 (30 days)
2026-04-23 08:28:04,770 INFO   Saved gbpusd_ticks_2021-04.parquet: 1,375,239 rows, 10.6 MB
2026-04-23 08:28:04,785 INFO [16/76] GBPUSD 2021-04: 1,375,239 rows
2026-04-23 08:28:04,787 INFO   Downloading GBPUSD 2021-05 (31 days)
2026-04-23 08:29:44,548 INFO   Saved gbpusd_ticks_2021-05.parquet: 1,498,833 rows, 11.4 MB
2026-04-23 08:29:44,559 INFO [17/76] GBPUSD 2021-05: 1,498,833 rows
2026-04-23 08:29:44,560 INFO   Downloading GBPUSD 2021-06 (30 days)
2026-04-23 08:31:29,309 INFO   Saved gbpusd_ticks_2021-06.parquet: 1,726,232 rows, 13.2 MB
2026-04-23 08:31:29,323 INFO [18/76] GBPUSD 2021-06: 1,726,232 rows
2026-04-23 08:31:29,323 INFO   Downloading GBPUSD 2021-07 (31 days)
2026-04-23 08:33:13,983 INFO   Saved gbpusd_ticks_2021-07.parquet: 1,970,503 rows, 14.9 MB
2026-04-23 08:33:13,995 INFO [19/76] GBPUSD 2021-07: 1,970,503 rows
2026-04-23 08:33:13,995 INFO   Downloading GBPUSD 2021-08 (31 days)
2026-04-23 08:36:18,020 INFO   Saved gbpusd_ticks_2021-08.parquet: 1,087,505 rows, 8.3 MB
2026-04-23 08:36:18,030 INFO [20/76] GBPUSD 2021-08: 1,087,505 rows
2026-04-23 08:36:18,031 INFO   Downloading GBPUSD 2021-09 (30 days)
2026-04-23 08:38:02,494 INFO   Saved gbpusd_ticks_2021-09.parquet: 1,427,114 rows, 10.9 MB
2026-04-23 08:38:02,508 INFO [21/76] GBPUSD 2021-09: 1,427,114 rows
2026-04-23 08:38:02,508 INFO   Downloading GBPUSD 2021-10 (31 days)
2026-04-23 08:39:41,837 INFO   Saved gbpusd_ticks_2021-10.parquet: 1,513,465 rows, 11.4 MB
2026-04-23 08:39:41,848 INFO [22/76] GBPUSD 2021-10: 1,513,465 rows
2026-04-23 08:39:41,848 INFO   Downloading GBPUSD 2021-11 (30 days)
2026-04-23 08:41:26,920 INFO   Saved gbpusd_ticks_2021-11.parquet: 1,878,498 rows, 14.1 MB
2026-04-23 08:41:26,944 INFO [23/76] GBPUSD 2021-11: 1,878,498 rows
2026-04-23 08:41:26,944 INFO   Downloading GBPUSD 2021-12 (31 days)
2026-04-23 08:43:16,532 INFO   Saved gbpusd_ticks_2021-12.parquet: 1,826,352 rows, 13.8 MB
2026-04-23 08:43:16,550 INFO [24/76] GBPUSD 2021-12: 1,826,352 rows
2026-04-23 08:43:16,551 INFO   Downloading GBPUSD 2022-01 (31 days)
2026-04-23 08:44:56,688 INFO   Saved gbpusd_ticks_2022-01.parquet: 1,645,682 rows, 12.6 MB
2026-04-23 08:44:56,702 INFO [25/76] GBPUSD 2022-01: 1,645,682 rows
2026-04-23 08:44:56,702 INFO   Downloading GBPUSD 2022-02 (28 days)
2026-04-23 08:47:45,801 INFO   Saved gbpusd_ticks_2022-02.parquet: 2,044,742 rows, 15.5 MB
2026-04-23 08:47:45,824 INFO [26/76] GBPUSD 2022-02: 2,044,742 rows
2026-04-23 08:47:45,824 INFO   Downloading GBPUSD 2022-03 (31 days)
2026-04-23 08:49:36,874 INFO   Saved gbpusd_ticks_2022-03.parquet: 2,809,713 rows, 21.4 MB
2026-04-23 08:49:36,896 INFO [27/76] GBPUSD 2022-03: 2,809,713 rows
2026-04-23 08:49:36,897 INFO   Downloading GBPUSD 2022-04 (30 days)
2026-04-23 08:52:31,057 INFO   Saved gbpusd_ticks_2022-04.parquet: 2,265,309 rows, 17.0 MB
2026-04-23 08:52:31,075 INFO [28/76] GBPUSD 2022-04: 2,265,309 rows
2026-04-23 08:52:31,075 INFO   Downloading GBPUSD 2022-05 (31 days)
2026-04-23 08:54:17,455 INFO   Saved gbpusd_ticks_2022-05.parquet: 2,886,228 rows, 21.9 MB
2026-04-23 08:54:17,482 INFO [29/76] GBPUSD 2022-05: 2,886,228 rows
2026-04-23 08:54:17,482 INFO   Downloading GBPUSD 2022-06 (30 days)
2026-04-23 08:56:04,542 INFO   Saved gbpusd_ticks_2022-06.parquet: 3,338,322 rows, 25.2 MB
2026-04-23 08:56:04,574 INFO [30/76] GBPUSD 2022-06: 3,338,322 rows
2026-04-23 08:56:04,574 INFO   Downloading GBPUSD 2022-07 (31 days)
2026-04-23 08:57:46,930 INFO   Saved gbpusd_ticks_2022-07.parquet: 3,814,641 rows, 28.6 MB
2026-04-23 08:57:46,955 INFO [31/76] GBPUSD 2022-07: 3,814,641 rows
2026-04-23 08:57:46,956 INFO   Downloading GBPUSD 2022-08 (31 days)
2026-04-23 08:59:38,962 INFO   Saved gbpusd_ticks_2022-08.parquet: 3,543,041 rows, 26.7 MB
2026-04-23 08:59:38,999 INFO [32/76] GBPUSD 2022-08: 3,543,041 rows
2026-04-23 08:59:39,000 INFO   Downloading GBPUSD 2022-09 (30 days)
2026-04-23 09:03:03,028 INFO   Saved gbpusd_ticks_2022-09.parquet: 4,812,406 rows, 36.6 MB
2026-04-23 09:03:03,071 INFO [33/76] GBPUSD 2022-09: 4,812,406 rows
2026-04-23 09:03:03,072 INFO   Downloading GBPUSD 2022-10 (31 days)
2026-04-23 09:04:49,366 INFO   Saved gbpusd_ticks_2022-10.parquet: 6,168,449 rows, 46.1 MB
2026-04-23 09:04:49,416 INFO [34/76] GBPUSD 2022-10: 6,168,449 rows
2026-04-23 09:04:49,416 INFO   Downloading GBPUSD 2022-11 (30 days)
2026-04-23 09:06:39,971 INFO   Saved gbpusd_ticks_2022-11.parquet: 5,642,969 rows, 42.2 MB
2026-04-23 09:06:40,016 INFO [35/76] GBPUSD 2022-11: 5,642,969 rows
2026-04-23 09:06:40,016 INFO   Downloading GBPUSD 2022-12 (31 days)
2026-04-23 09:12:31,308 INFO   Saved gbpusd_ticks_2022-12.parquet: 4,342,509 rows, 32.4 MB
2026-04-23 09:12:31,335 INFO [36/76] GBPUSD 2022-12: 4,342,509 rows
2026-04-23 09:12:31,336 INFO   Downloading GBPUSD 2023-01 (31 days)
2026-04-23 09:14:18,596 INFO   Saved gbpusd_ticks_2023-01.parquet: 3,536,812 rows, 26.5 MB
2026-04-23 09:14:18,624 INFO [37/76] GBPUSD 2023-01: 3,536,812 rows
2026-04-23 09:14:18,625 INFO   Downloading GBPUSD 2023-02 (28 days)
2026-04-23 09:15:55,494 INFO   Saved gbpusd_ticks_2023-02.parquet: 2,908,618 rows, 22.0 MB
2026-04-23 09:15:55,524 INFO [38/76] GBPUSD 2023-02: 2,908,618 rows
2026-04-23 09:15:55,524 INFO   Downloading GBPUSD 2023-03 (31 days)
2026-04-23 09:17:47,149 INFO   Saved gbpusd_ticks_2023-03.parquet: 3,599,447 rows, 26.9 MB
2026-04-23 09:17:47,182 INFO [39/76] GBPUSD 2023-03: 3,599,447 rows
2026-04-23 09:17:47,183 INFO   Downloading GBPUSD 2023-04 (30 days)
2026-04-23 09:19:22,679 INFO   Saved gbpusd_ticks_2023-04.parquet: 1,920,723 rows, 14.6 MB
2026-04-23 09:19:22,693 INFO [40/76] GBPUSD 2023-04: 1,920,723 rows
2026-04-23 09:19:22,693 INFO   Downloading GBPUSD 2023-05 (31 days)
2026-04-23 09:22:25,787 INFO   Saved gbpusd_ticks_2023-05.parquet: 2,086,154 rows, 15.9 MB
2026-04-23 09:22:25,807 INFO [41/76] GBPUSD 2023-05: 2,086,154 rows
2026-04-23 09:22:25,808 INFO   Downloading GBPUSD 2023-06 (30 days)
2026-04-23 09:24:10,905 INFO   Saved gbpusd_ticks_2023-06.parquet: 2,170,186 rows, 16.5 MB
2026-04-23 09:24:10,930 INFO [42/76] GBPUSD 2023-06: 2,170,186 rows
2026-04-23 09:24:10,931 INFO   Downloading GBPUSD 2023-07 (31 days)
2026-04-23 09:25:51,353 INFO   Saved gbpusd_ticks_2023-07.parquet: 2,078,354 rows, 15.6 MB
2026-04-23 09:25:51,379 INFO [43/76] GBPUSD 2023-07: 2,078,354 rows
2026-04-23 09:25:51,379 INFO   Downloading GBPUSD 2023-08 (31 days)
2026-04-23 09:27:41,679 INFO   Saved gbpusd_ticks_2023-08.parquet: 2,380,034 rows, 17.9 MB
2026-04-23 09:27:41,705 INFO [44/76] GBPUSD 2023-08: 2,380,034 rows
2026-04-23 09:27:41,707 INFO   Downloading GBPUSD 2023-09 (30 days)
2026-04-23 09:29:21,552 INFO   Saved gbpusd_ticks_2023-09.parquet: 1,925,873 rows, 14.5 MB
2026-04-23 09:29:21,563 INFO [45/76] GBPUSD 2023-09: 1,925,873 rows
2026-04-23 09:29:21,563 INFO   Downloading GBPUSD 2023-10 (31 days)
2026-04-23 09:31:06,818 INFO   Saved gbpusd_ticks_2023-10.parquet: 2,063,570 rows, 15.7 MB
2026-04-23 09:31:06,835 INFO [46/76] GBPUSD 2023-10: 2,063,570 rows
2026-04-23 09:31:06,836 INFO   Downloading GBPUSD 2023-11 (30 days)
2026-04-23 09:32:51,860 INFO   Saved gbpusd_ticks_2023-11.parquet: 1,938,770 rows, 14.7 MB
2026-04-23 09:32:51,888 INFO [47/76] GBPUSD 2023-11: 1,938,770 rows
2026-04-23 09:32:51,888 INFO   Downloading GBPUSD 2023-12 (31 days)
2026-04-23 09:34:32,144 INFO   Saved gbpusd_ticks_2023-12.parquet: 2,054,452 rows, 15.6 MB
2026-04-23 09:34:32,159 INFO [48/76] GBPUSD 2023-12: 2,054,452 rows
2026-04-23 09:34:32,160 INFO   Downloading GBPUSD 2024-01 (31 days)
2026-04-23 09:36:22,182 INFO   Saved gbpusd_ticks_2024-01.parquet: 2,123,362 rows, 16.2 MB
2026-04-23 09:36:22,202 INFO [49/76] GBPUSD 2024-01: 2,123,362 rows
2026-04-23 09:36:22,203 INFO   Downloading GBPUSD 2024-02 (29 days)
2026-04-23 09:38:02,052 INFO   Saved gbpusd_ticks_2024-02.parquet: 1,569,596 rows, 11.9 MB
2026-04-23 09:38:02,069 INFO [50/76] GBPUSD 2024-02: 1,569,596 rows
2026-04-23 09:38:02,070 INFO   Downloading GBPUSD 2024-03 (31 days)
2026-04-23 09:40:57,088 INFO   Saved gbpusd_ticks_2024-03.parquet: 1,425,331 rows, 10.6 MB
2026-04-23 09:40:57,096 INFO [51/76] GBPUSD 2024-03: 1,425,331 rows
2026-04-23 09:40:57,096 INFO   Downloading GBPUSD 2024-04 (30 days)
2026-04-23 09:42:41,851 INFO   Saved gbpusd_ticks_2024-04.parquet: 1,631,404 rows, 12.5 MB
2026-04-23 09:42:41,870 INFO [52/76] GBPUSD 2024-04: 1,631,404 rows
2026-04-23 09:42:41,870 INFO   Downloading GBPUSD 2024-05 (31 days)
2026-04-23 09:44:30,732 INFO   Saved gbpusd_ticks_2024-05.parquet: 1,435,884 rows, 10.8 MB
2026-04-23 09:44:30,744 INFO [53/76] GBPUSD 2024-05: 1,435,884 rows
2026-04-23 09:44:30,744 INFO   Downloading GBPUSD 2024-06 (30 days)
2026-04-23 09:47:06,506 INFO   Saved gbpusd_ticks_2024-06.parquet: 1,217,992 rows, 9.4 MB
2026-04-23 09:47:06,517 INFO [54/76] GBPUSD 2024-06: 1,217,992 rows
2026-04-23 09:47:06,517 INFO   Downloading GBPUSD 2024-07 (31 days)
2026-04-23 09:48:55,988 INFO   Saved gbpusd_ticks_2024-07.parquet: 1,646,963 rows, 12.3 MB
2026-04-23 09:48:56,009 INFO [55/76] GBPUSD 2024-07: 1,646,963 rows
2026-04-23 09:48:56,009 INFO   Downloading GBPUSD 2024-08 (31 days)
2026-04-23 09:50:40,533 INFO   Saved gbpusd_ticks_2024-08.parquet: 1,735,340 rows, 13.3 MB
2026-04-23 09:50:40,545 INFO [56/76] GBPUSD 2024-08: 1,735,340 rows
2026-04-23 09:50:40,545 INFO   Downloading GBPUSD 2024-09 (30 days)
2026-04-23 09:52:20,735 INFO   Saved gbpusd_ticks_2024-09.parquet: 1,909,588 rows, 14.4 MB
2026-04-23 09:52:20,752 INFO [57/76] GBPUSD 2024-09: 1,909,588 rows
2026-04-23 09:52:20,752 INFO   Downloading GBPUSD 2024-10 (31 days)
2026-04-23 09:54:10,942 INFO   Saved gbpusd_ticks_2024-10.parquet: 2,191,072 rows, 16.4 MB
2026-04-23 09:54:10,963 INFO [58/76] GBPUSD 2024-10: 2,191,072 rows
2026-04-23 09:54:10,963 INFO   Downloading GBPUSD 2024-11 (30 days)
2026-04-23 09:56:13,380 INFO   Saved gbpusd_ticks_2024-11.parquet: 2,773,343 rows, 20.9 MB
2026-04-23 09:56:13,400 INFO [59/76] GBPUSD 2024-11: 2,773,343 rows
2026-04-23 09:56:13,400 INFO   Downloading GBPUSD 2024-12 (31 days)
2026-04-23 09:57:58,775 INFO   Saved gbpusd_ticks_2024-12.parquet: 2,131,170 rows, 16.2 MB
2026-04-23 09:57:58,798 INFO [60/76] GBPUSD 2024-12: 2,131,170 rows
2026-04-23 09:57:58,799 INFO   Downloading GBPUSD 2025-01 (31 days)
2026-04-23 09:59:49,356 INFO   Saved gbpusd_ticks_2025-01.parquet: 2,644,330 rows, 20.1 MB
2026-04-23 09:59:49,383 INFO [61/76] GBPUSD 2025-01: 2,644,330 rows
2026-04-23 09:59:49,384 INFO   Downloading GBPUSD 2025-02 (28 days)
2026-04-23 10:02:30,530 INFO   Saved gbpusd_ticks_2025-02.parquet: 2,138,318 rows, 16.2 MB
2026-04-23 10:02:30,548 INFO [62/76] GBPUSD 2025-02: 2,138,318 rows
2026-04-23 10:02:30,548 INFO   Downloading GBPUSD 2025-03 (31 days)
2026-04-23 10:04:11,118 INFO   Saved gbpusd_ticks_2025-03.parquet: 2,039,626 rows, 15.2 MB
2026-04-23 10:04:11,141 INFO [63/76] GBPUSD 2025-03: 2,039,626 rows
2026-04-23 10:04:11,142 INFO   Downloading GBPUSD 2025-04 (30 days)
2026-04-23 10:07:22,498 INFO   Saved gbpusd_ticks_2025-04.parquet: 3,567,693 rows, 26.6 MB
2026-04-23 10:07:22,530 INFO [64/76] GBPUSD 2025-04: 3,567,693 rows
2026-04-23 10:07:22,531 INFO   Downloading GBPUSD 2025-05 (31 days)
2026-04-23 10:09:07,300 INFO   Saved gbpusd_ticks_2025-05.parquet: 1,948,715 rows, 14.8 MB
2026-04-23 10:09:07,312 INFO [65/76] GBPUSD 2025-05: 1,948,715 rows
2026-04-23 10:09:07,313 INFO   Downloading GBPUSD 2025-06 (30 days)
2026-04-23 10:10:47,642 INFO   Saved gbpusd_ticks_2025-06.parquet: 1,794,198 rows, 13.8 MB
2026-04-23 10:10:47,665 INFO [66/76] GBPUSD 2025-06: 1,794,198 rows
2026-04-23 10:10:47,665 INFO   Downloading GBPUSD 2025-07 (31 days)
2026-04-23 10:12:37,244 INFO   Saved gbpusd_ticks_2025-07.parquet: 1,802,713 rows, 13.6 MB
2026-04-23 10:12:37,260 INFO [67/76] GBPUSD 2025-07: 1,802,713 rows
2026-04-23 10:12:37,261 INFO   Downloading GBPUSD 2025-08 (31 days)
2026-04-23 10:14:16,732 INFO   Saved gbpusd_ticks_2025-08.parquet: 1,442,876 rows, 11.1 MB
2026-04-23 10:14:16,741 INFO [68/76] GBPUSD 2025-08: 1,442,876 rows
2026-04-23 10:14:16,741 INFO   Downloading GBPUSD 2025-09 (30 days)
2026-04-23 10:17:12,896 INFO   Saved gbpusd_ticks_2025-09.parquet: 1,676,527 rows, 12.7 MB
2026-04-23 10:17:12,915 INFO [69/76] GBPUSD 2025-09: 1,676,527 rows
2026-04-23 10:17:12,916 INFO   Downloading GBPUSD 2025-10 (31 days)
2026-04-23 10:19:02,075 INFO   Saved gbpusd_ticks_2025-10.parquet: 1,772,200 rows, 13.6 MB
2026-04-23 10:19:02,096 INFO [70/76] GBPUSD 2025-10: 1,772,200 rows
2026-04-23 10:19:02,097 INFO   Downloading GBPUSD 2025-11 (30 days)
2026-04-23 10:20:37,449 INFO   Saved gbpusd_ticks_2025-11.parquet: 1,638,222 rows, 12.5 MB
2026-04-23 10:20:37,464 INFO [71/76] GBPUSD 2025-11: 1,638,222 rows
2026-04-23 10:20:37,464 INFO   Downloading GBPUSD 2025-12 (31 days)
2026-04-23 10:22:27,003 INFO   Saved gbpusd_ticks_2025-12.parquet: 1,621,614 rows, 12.4 MB
2026-04-23 10:22:27,019 INFO [72/76] GBPUSD 2025-12: 1,621,614 rows
2026-04-23 10:22:27,020 INFO   Downloading GBPUSD 2026-01 (31 days)
2026-04-23 10:24:11,829 INFO   Saved gbpusd_ticks_2026-01.parquet: 1,794,065 rows, 13.8 MB
2026-04-23 10:24:11,843 INFO [73/76] GBPUSD 2026-01: 1,794,065 rows
2026-04-23 10:24:11,843 INFO   Downloading GBPUSD 2026-02 (28 days)
2026-04-23 10:25:46,922 INFO   Saved gbpusd_ticks_2026-02.parquet: 1,609,538 rows, 12.4 MB
2026-04-23 10:25:46,933 INFO [74/76] GBPUSD 2026-02: 1,609,538 rows
2026-04-23 10:25:46,933 INFO   Downloading GBPUSD 2026-03 (31 days)
2026-04-23 10:28:35,922 INFO   Saved gbpusd_ticks_2026-03.parquet: 3,147,345 rows, 23.9 MB
2026-04-23 10:28:35,954 INFO [75/76] GBPUSD 2026-03: 3,147,345 rows
2026-04-23 10:28:35,954 INFO   Downloading GBPUSD 2026-04 (30 days)
2026-04-23 10:30:21,104 INFO   Saved gbpusd_ticks_2026-04.parquet: 1,769,541 rows, 13.2 MB
2026-04-23 10:30:21,118 INFO [76/76] GBPUSD 2026-04: 1,769,541 rows
2026-04-23 10:30:21,118 INFO DONE GBPUSD. Total: 178,318,175 rows in 2.52h
